<?xml version="1.0" encoding="UTF-8"?>
<testsuite name="Cucumber" time="2.526" tests="1" skipped="0" failures="0" errors="0">
<testcase classname="verify the login functionality" name="verify the facebook login functionality with valid credentials - #1.1" time="2.392">
<system-out><![CDATA[
Given user is on the facebook login page....................................passed
When user enters the "praka" and "pass@124".................................passed
And user clicks on the login button.........................................passed
Then user verify the after login success message............................passed
]]></system-out>
</testcase>
</testsuite>
